Using pre-set license
Built from '2022.1/staging' branch; Version is '2022.1.18f1 (8a091f9adba4) revision 9046303'; Using compiler version '192829333'; Build Type 'Release'
OS: 'Windows 10  (10.0.19045) 64bit Professional' Language: 'en' Physical Memory: 16111 MB
BatchMode: 1, IsHumanControllingUs: 0, StartBugReporterOnCrash: 0, Is64bit: 1, IsPro: 1

COMMAND LINE ARGUMENTS:
C:\Program Files\Unity 2022.1.18f1\Editor\Unity.exe
-adb2
-batchMode
-noUpm
-name
AssetImportWorker0
-projectPath
C:/Users/pc/Documents/GitHub/Bounce-3D-STI-/Bounce 3D STI
-logFile
Logs/AssetImportWorker0.log
-srvPort
50897
Successfully changed project path to: C:/Users/pc/Documents/GitHub/Bounce-3D-STI-/Bounce 3D STI
C:/Users/pc/Documents/GitHub/Bounce-3D-STI-/Bounce 3D STI
[UnityMemory] Configuration Parameters - Can be set up in boot.config
    "memorysetup-bucket-allocator-granularity=16"
    "memorysetup-bucket-allocator-bucket-count=8"
    "memorysetup-bucket-allocator-block-size=33554432"
    "memorysetup-bucket-allocator-block-count=8"
    "memorysetup-main-allocator-block-size=16777216"
    "memorysetup-thread-allocator-block-size=16777216"
    "memorysetup-gfx-main-allocator-block-size=16777216"
    "memorysetup-gfx-thread-allocator-block-size=16777216"
    "memorysetup-cache-allocator-block-size=4194304"
    "memorysetup-typetree-allocator-block-size=2097152"
    "memorysetup-profiler-bucket-allocator-granularity=16"
    "memorysetup-profiler-bucket-allocator-bucket-count=8"
    "memorysetup-profiler-bucket-allocator-block-size=33554432"
    "memorysetup-profiler-bucket-allocator-block-count=8"
    "memorysetup-profiler-allocator-block-size=16777216"
    "memorysetup-profiler-editor-allocator-block-size=1048576"
    "memorysetup-temp-allocator-size-main=16777216"
    "memorysetup-job-temp-allocator-block-size=2097152"
    "memorysetup-job-temp-allocator-block-size-background=1048576"
    "memorysetup-job-temp-allocator-reduction-small-platforms=262144"
    "memorysetup-temp-allocator-size-background-worker=32768"
    "memorysetup-temp-allocator-size-job-worker=262144"
    "memorysetup-temp-allocator-size-preload-manager=33554432"
    "memorysetup-temp-allocator-size-nav-mesh-worker=65536"
    "memorysetup-temp-allocator-size-audio-worker=65536"
    "memorysetup-temp-allocator-size-cloud-worker=32768"
    "memorysetup-temp-allocator-size-gi-baking-worker=262144"
    "memorysetup-temp-allocator-size-gfx=262144"
Refreshing native plugins compatible for Editor in 660.68 ms, found 3 plugins.
Preloading 0 native plugins for Editor in 0.00 ms.
Initialize engine version: 2022.1.18f1 (8a091f9adba4)
[Subsystems] Discovering subsystems at path C:/Program Files/Unity 2022.1.18f1/Editor/Data/Resources/UnitySubsystems
[Subsystems] Discovering subsystems at path C:/Users/pc/Documents/GitHub/Bounce-3D-STI-/Bounce 3D STI/Assets
GfxDevice: creating device client; threaded=0; jobified=0
Direct3D:
    Version:  Direct3D 11.0 [level 11.1]
    Renderer: Intel(R) HD Graphics 530 (ID=0x1912)
    Vendor:   Intel
    VRAM:     8055 MB
    Driver:   31.0.101.2114
Initialize mono
Mono path[0] = 'C:/Program Files/Unity 2022.1.18f1/Editor/Data/Managed'
Mono path[1] = 'C:/Program Files/Unity 2022.1.18f1/Editor/Data/MonoBleedingEdge/lib/mono/unityjit-win32'
Mono config path = 'C:/Program Files/Unity 2022.1.18f1/Editor/Data/MonoBleedingEdge/etc'
Using monoOptions --debugger-agent=transport=dt_socket,embedding=1,server=y,suspend=n,address=127.0.0.1:56140
Begin MonoManager ReloadAssembly
Registering precompiled unity dll's ...
Register platform support module: C:/Program Files/Unity 2022.1.18f1/Editor/Data/PlaybackEngines/WindowsStandaloneSupport/UnityEditor.WindowsStandalone.Extensions.dll
Registered in 0.013792 seconds.
Native extension for WindowsStandalone target not found
Refreshing native plugins compatible for Editor in 215.31 ms, found 3 plugins.
Preloading 0 native plugins for Editor in 0.00 ms.
Mono: successfully reloaded assembly
- Completed reload, in  1.895 seconds
Domain Reload Profiling:
	ReloadAssembly (1896ms)
		BeginReloadAssembly (219ms)
			ExecutionOrderSort (0ms)
			DisableScriptedObjects (0ms)
			BackupInstance (0ms)
			ReleaseScriptingObjects (0ms)
			CreateAndSetChildDomain (2ms)
		EndReloadAssembly (1391ms)
			LoadAssemblies (215ms)
			RebuildTransferFunctionScriptingTraits (0ms)
			SetupTypeCache (351ms)
				TypeCache.Initialize (350ms)
					TypeCache.ScanAssembly (347ms)
				ResolveRequiredComponents (1ms)
			ReleaseScriptCaches (0ms)
			RebuildScriptCaches (79ms)
			SetupLoadedEditorAssemblies (808ms)
				LogAssemblyErrors (0ms)
				InitializePlatformSupportModulesInManaged (20ms)
				SetLoadedEditorAssemblies (33ms)
				RefreshPlugins (215ms)
				BeforeProcessingInitializeOnLoad (2ms)
				ProcessInitializeOnLoadAttributes (421ms)
				ProcessInitializeOnLoadMethodAttributes (115ms)
				AfterProcessingInitializeOnLoad (0ms)
				EditorAssembliesLoaded (0ms)
			ExecutionOrderSort2 (0ms)
			AwakeInstancesAfterBackupRestoration (0ms)
Platform modules already initialized, skipping
Registering precompiled user dll's ...
Registered in 0.014131 seconds.
Begin MonoManager ReloadAssembly
Symbol file LoadedFromMemory doesn't match image C:\Users\pc\Documents\GitHub\Bounce-3D-STI-\Bounce 3D STI\Library\PackageCache\com.unity.visualscripting@1.7.8\Editor\VisualScripting.Core\Dependencies\YamlDotNet\Unity.VisualScripting.YamlDotNet.dll
Symbol file LoadedFromMemory doesn't match image C:\Users\pc\Documents\GitHub\Bounce-3D-STI-\Bounce 3D STI\Library\PackageCache\com.unity.visualscripting@1.7.8\Editor\VisualScripting.Core\Dependencies\DotNetZip\Unity.VisualScripting.IonicZip.dll
Native extension for WindowsStandalone target not found
Refreshing native plugins compatible for Editor in 1.71 ms, found 3 plugins.
Preloading 0 native plugins for Editor in 0.00 ms.
Mono: successfully reloaded assembly
- Completed reload, in  3.157 seconds
Domain Reload Profiling:
	ReloadAssembly (3159ms)
		BeginReloadAssembly (279ms)
			ExecutionOrderSort (0ms)
			DisableScriptedObjects (15ms)
			BackupInstance (0ms)
			ReleaseScriptingObjects (0ms)
			CreateAndSetChildDomain (46ms)
		EndReloadAssembly (2584ms)
			LoadAssemblies (208ms)
			RebuildTransferFunctionScriptingTraits (0ms)
			SetupTypeCache (914ms)
				TypeCache.Initialize (898ms)
					TypeCache.ScanAssembly (889ms)
				ResolveRequiredComponents (16ms)
			ReleaseScriptCaches (1ms)
			RebuildScriptCaches (243ms)
			SetupLoadedEditorAssemblies (1097ms)
				LogAssemblyErrors (0ms)
				InitializePlatformSupportModulesInManaged (12ms)
				SetLoadedEditorAssemblies (15ms)
				RefreshPlugins (2ms)
				BeforeProcessingInitializeOnLoad (216ms)
				ProcessInitializeOnLoadAttributes (772ms)
				ProcessInitializeOnLoadMethodAttributes (64ms)
				AfterProcessingInitializeOnLoad (16ms)
				EditorAssembliesLoaded (0ms)
			ExecutionOrderSort2 (0ms)
			AwakeInstancesAfterBackupRestoration (15ms)
Platform modules already initialized, skipping
========================================================================
Worker process is ready to serve import requests
Launched and connected shader compiler UnityShaderCompiler.exe after 0.16 seconds
Refreshing native plugins compatible for Editor in 1.77 ms, found 3 plugins.
Preloading 0 native plugins for Editor in 0.00 ms.
Unloading 4120 Unused Serialized files (Serialized files now loaded: 0)
Unloading 51 unused Assets / (1.4 MB). Loaded Objects now: 4572.
Memory consumption went from 0.63 GB to 0.63 GB.
Total: 8.123600 ms (FindLiveObjects: 0.640200 ms CreateObjectMapping: 0.805300 ms MarkObjects: 6.094400 ms  DeleteObjects: 0.582100 ms)

AssetImportParameters requested are different than current active one (requested -> active):
  custom:video-decoder-ogg-theora: a1e56fd34408186e4bbccfd4996cb3dc -> 
  custom:container-muxer-webm: aa71ff27fc2769a1b78a27578f13a17b -> 
  custom:container-demuxer-webm: 4f35f7cbe854078d1ac9338744f61a02 -> 
  custom:video-encoder-webm-vp8: eb34c28f22e8b96e1ab97ce403110664 -> 
  custom:video-codec-MediaFoundation-h265: 746d11721c4dcdbdad8f713fa42b33f4 -> 
  custom:audio-encoder-webm-vorbis: bf7c407c2cedff20999df2af8eb42d56 -> 
  custom:framework-win-MediaFoundation: 216162199b28c13a410421893ffa2e32 -> 
  custom:container-demuxer-ogg: 62fdf1f143b41e24485cea50d1cbac27 -> 
  custom:video-decoder-webm-vp8: 9c59270c3fd7afecdb556c50c9e8de78 -> 
  custom:audio-decoder-ogg-vorbis: bf7c407c2cedff20999df2af8eb42d56 -> 
========================================================================
Received Import Request.
  Time since last request: 155195.347663 seconds.
  path: Assets/Starting Point Platform Color.mat
  artifactKey: Guid(de4aef041a1706c418977d47540909ff) Importer(815301076,1909f56bfc062723c751e8b465ee728b)
Start importing Assets/Starting Point Platform Color.mat using Guid(de4aef041a1706c418977d47540909ff) Importer(815301076,1909f56bfc062723c751e8b465ee728b)  -> (artifact id: '296e4416382eeab045b5ebcc67736107') in 0.656913 seconds 
========================================================================
Received Import Request.
  Time since last request: 0.000048 seconds.
  path: Assets/Spikes Color.mat
  artifactKey: Guid(2fa4605f931f1ae40931b14ac6e4f2e3) Importer(815301076,1909f56bfc062723c751e8b465ee728b)
Start importing Assets/Spikes Color.mat using Guid(2fa4605f931f1ae40931b14ac6e4f2e3) Importer(815301076,1909f56bfc062723c751e8b465ee728b)  -> (artifact id: 'cf4c176e2025a44f31e4f606bcf902b1') in 0.091623 seconds 
========================================================================
Received Prepare
Registering precompiled user dll's ...
Registered in 0.010572 seconds.
Begin MonoManager ReloadAssembly
Symbol file LoadedFromMemory doesn't match image C:\Users\pc\Documents\GitHub\Bounce-3D-STI-\Bounce 3D STI\Library\PackageCache\com.unity.visualscripting@1.7.8\Editor\VisualScripting.Core\Dependencies\YamlDotNet\Unity.VisualScripting.YamlDotNet.dll
Symbol file LoadedFromMemory doesn't match image C:\Users\pc\Documents\GitHub\Bounce-3D-STI-\Bounce 3D STI\Library\PackageCache\com.unity.visualscripting@1.7.8\Editor\VisualScripting.Core\Dependencies\DotNetZip\Unity.VisualScripting.IonicZip.dll
Native extension for WindowsStandalone target not found
Refreshing native plugins compatible for Editor in 1.59 ms, found 3 plugins.
Preloading 0 native plugins for Editor in 0.00 ms.
Mono: successfully reloaded assembly
- Completed reload, in  3.838 seconds
Domain Reload Profiling:
	ReloadAssembly (3840ms)
		BeginReloadAssembly (372ms)
			ExecutionOrderSort (0ms)
			DisableScriptedObjects (13ms)
			BackupInstance (0ms)
			ReleaseScriptingObjects (0ms)
			CreateAndSetChildDomain (78ms)
		EndReloadAssembly (3232ms)
			LoadAssemblies (195ms)
			RebuildTransferFunctionScriptingTraits (1ms)
			SetupTypeCache (747ms)
				TypeCache.Initialize (732ms)
					TypeCache.ScanAssembly (715ms)
				ResolveRequiredComponents (15ms)
			ReleaseScriptCaches (4ms)
			RebuildScriptCaches (266ms)
			SetupLoadedEditorAssemblies (1744ms)
				LogAssemblyErrors (0ms)
				InitializePlatformSupportModulesInManaged (34ms)
				SetLoadedEditorAssemblies (19ms)
				RefreshPlugins (2ms)
				BeforeProcessingInitializeOnLoad (316ms)
				ProcessInitializeOnLoadAttributes (1247ms)
				ProcessInitializeOnLoadMethodAttributes (83ms)
				AfterProcessingInitializeOnLoad (42ms)
				EditorAssembliesLoaded (1ms)
			ExecutionOrderSort2 (0ms)
			AwakeInstancesAfterBackupRestoration (63ms)
Platform modules already initialized, skipping
Refreshing native plugins compatible for Editor in 6.29 ms, found 3 plugins.
Preloading 0 native plugins for Editor in 0.00 ms.
Unloading 4054 Unused Serialized files (Serialized files now loaded: 0)
Unloading 33 unused Assets / (1.4 MB). Loaded Objects now: 4628.
Memory consumption went from 0.62 GB to 0.62 GB.
Total: 15.184100 ms (FindLiveObjects: 0.753700 ms CreateObjectMapping: 2.921800 ms MarkObjects: 10.596700 ms  DeleteObjects: 0.910100 ms)

AssetImportParameters requested are different than current active one (requested -> active):
  custom:video-decoder-ogg-theora: a1e56fd34408186e4bbccfd4996cb3dc -> 
  custom:container-muxer-webm: aa71ff27fc2769a1b78a27578f13a17b -> 
  custom:container-demuxer-webm: 4f35f7cbe854078d1ac9338744f61a02 -> 
  custom:video-encoder-webm-vp8: eb34c28f22e8b96e1ab97ce403110664 -> 
  custom:video-codec-MediaFoundation-h265: 746d11721c4dcdbdad8f713fa42b33f4 -> 
  custom:audio-encoder-webm-vorbis: bf7c407c2cedff20999df2af8eb42d56 -> 
  custom:framework-win-MediaFoundation: 216162199b28c13a410421893ffa2e32 -> 
  custom:container-demuxer-ogg: 62fdf1f143b41e24485cea50d1cbac27 -> 
  custom:video-decoder-webm-vp8: 9c59270c3fd7afecdb556c50c9e8de78 -> 
  custom:audio-decoder-ogg-vorbis: bf7c407c2cedff20999df2af8eb42d56 -> 
========================================================================
Received Prepare
Registering precompiled user dll's ...
Registered in 0.010193 seconds.
Begin MonoManager ReloadAssembly
Symbol file LoadedFromMemory doesn't match image C:\Users\pc\Documents\GitHub\Bounce-3D-STI-\Bounce 3D STI\Library\PackageCache\com.unity.visualscripting@1.7.8\Editor\VisualScripting.Core\Dependencies\YamlDotNet\Unity.VisualScripting.YamlDotNet.dll
Symbol file LoadedFromMemory doesn't match image C:\Users\pc\Documents\GitHub\Bounce-3D-STI-\Bounce 3D STI\Library\PackageCache\com.unity.visualscripting@1.7.8\Editor\VisualScripting.Core\Dependencies\DotNetZip\Unity.VisualScripting.IonicZip.dll
Native extension for WindowsStandalone target not found
Refreshing native plugins compatible for Editor in 1.54 ms, found 3 plugins.
Preloading 0 native plugins for Editor in 0.00 ms.
Mono: successfully reloaded assembly
- Completed reload, in  2.268 seconds
Domain Reload Profiling:
	ReloadAssembly (2269ms)
		BeginReloadAssembly (239ms)
			ExecutionOrderSort (0ms)
			DisableScriptedObjects (12ms)
			BackupInstance (0ms)
			ReleaseScriptingObjects (0ms)
			CreateAndSetChildDomain (68ms)
		EndReloadAssembly (1863ms)
			LoadAssemblies (163ms)
			RebuildTransferFunctionScriptingTraits (0ms)
			SetupTypeCache (538ms)
				TypeCache.Initialize (529ms)
					TypeCache.ScanAssembly (517ms)
				ResolveRequiredComponents (8ms)
			ReleaseScriptCaches (2ms)
			RebuildScriptCaches (79ms)
			SetupLoadedEditorAssemblies (947ms)
				LogAssemblyErrors (0ms)
				InitializePlatformSupportModulesInManaged (20ms)
				SetLoadedEditorAssemblies (12ms)
				RefreshPlugins (2ms)
				BeforeProcessingInitializeOnLoad (126ms)
				ProcessInitializeOnLoadAttributes (658ms)
				ProcessInitializeOnLoadMethodAttributes (103ms)
				AfterProcessingInitializeOnLoad (25ms)
				EditorAssembliesLoaded (1ms)
			ExecutionOrderSort2 (0ms)
			AwakeInstancesAfterBackupRestoration (23ms)
Platform modules already initialized, skipping
Refreshing native plugins compatible for Editor in 8.35 ms, found 3 plugins.
Preloading 0 native plugins for Editor in 0.00 ms.
Unloading 4055 Unused Serialized files (Serialized files now loaded: 0)
Unloading 33 unused Assets / (1.4 MB). Loaded Objects now: 4643.
Memory consumption went from 0.62 GB to 0.62 GB.
Total: 8.529800 ms (FindLiveObjects: 0.654100 ms CreateObjectMapping: 0.667200 ms MarkObjects: 6.753500 ms  DeleteObjects: 0.452800 ms)

AssetImportParameters requested are different than current active one (requested -> active):
  custom:video-decoder-ogg-theora: a1e56fd34408186e4bbccfd4996cb3dc -> 
  custom:container-muxer-webm: aa71ff27fc2769a1b78a27578f13a17b -> 
  custom:container-demuxer-webm: 4f35f7cbe854078d1ac9338744f61a02 -> 
  custom:video-encoder-webm-vp8: eb34c28f22e8b96e1ab97ce403110664 -> 
  custom:video-codec-MediaFoundation-h265: 746d11721c4dcdbdad8f713fa42b33f4 -> 
  custom:audio-encoder-webm-vorbis: bf7c407c2cedff20999df2af8eb42d56 -> 
  custom:framework-win-MediaFoundation: 216162199b28c13a410421893ffa2e32 -> 
  custom:container-demuxer-ogg: 62fdf1f143b41e24485cea50d1cbac27 -> 
  custom:video-decoder-webm-vp8: 9c59270c3fd7afecdb556c50c9e8de78 -> 
  custom:audio-decoder-ogg-vorbis: bf7c407c2cedff20999df2af8eb42d56 -> 
========================================================================
Received Import Request.
  Time since last request: 3256.397958 seconds.
  path: Assets/Blender Objects/bballring.fbx
  artifactKey: Guid(2db9563af56493743bb31ae31721a8c4) Importer(815301076,1909f56bfc062723c751e8b465ee728b)
Start importing Assets/Blender Objects/bballring.fbx using Guid(2db9563af56493743bb31ae31721a8c4) Importer(815301076,1909f56bfc062723c751e8b465ee728b)  -> (artifact id: '4a8f0e8ee679c25e82688197eee6bbd4') in 0.584538 seconds 
========================================================================
Received Import Request.
  Time since last request: 0.547029 seconds.
  path: Assets/Blender Objects/NBA BASKETBALL.obj
  artifactKey: Guid(4530ffb9a0b08d74aa3f76c0e04ff222) Importer(815301076,1909f56bfc062723c751e8b465ee728b)
Start importing Assets/Blender Objects/NBA BASKETBALL.obj using Guid(4530ffb9a0b08d74aa3f76c0e04ff222) Importer(815301076,1909f56bfc062723c751e8b465ee728b)  -> (artifact id: '60c1a6a838c868e00ded8e4ce88008da') in 0.060518 seconds 
========================================================================
Received Import Request.
  Time since last request: 361.998650 seconds.
  path: Assets/Blender Objects
  artifactKey: Guid(a0d26c0f2344d46419c423786693ca31) Importer(815301076,1909f56bfc062723c751e8b465ee728b)
Start importing Assets/Blender Objects using Guid(a0d26c0f2344d46419c423786693ca31) Importer(815301076,1909f56bfc062723c751e8b465ee728b)  -> (artifact id: '7100a84f3107b050f8cc01d97ffefc5e') in 0.012319 seconds 
========================================================================
Received Import Request.
  Time since last request: 2.128446 seconds.
  path: Assets/Animation
  artifactKey: Guid(928679e3cfcd01a4bb60e0c6291f0b56) Importer(815301076,1909f56bfc062723c751e8b465ee728b)
Start importing Assets/Animation using Guid(928679e3cfcd01a4bb60e0c6291f0b56) Importer(815301076,1909f56bfc062723c751e8b465ee728b)  -> (artifact id: '4668c81a5d478d261a17d23df9745ce4') in 0.010849 seconds 
========================================================================
Received Import Request.
  Time since last request: 2.203328 seconds.
  path: Assets/Checkpoint Models
  artifactKey: Guid(803860857ba0ca14699b7cb2167fb3e2) Importer(815301076,1909f56bfc062723c751e8b465ee728b)
Start importing Assets/Checkpoint Models using Guid(803860857ba0ca14699b7cb2167fb3e2) Importer(815301076,1909f56bfc062723c751e8b465ee728b)  -> (artifact id: '66dfe9f80f4ca07dabf7aea15b795a4b') in 0.011678 seconds 
========================================================================
Received Import Request.
  Time since last request: 0.042067 seconds.
  path: Assets/Checkpoint Models/SignPostCheckpoint.fbx
  artifactKey: Guid(af1b218d6c9e98f4587ce09c1e361189) Importer(815301076,1909f56bfc062723c751e8b465ee728b)
Start importing Assets/Checkpoint Models/SignPostCheckpoint.fbx using Guid(af1b218d6c9e98f4587ce09c1e361189) Importer(815301076,1909f56bfc062723c751e8b465ee728b)  -> (artifact id: '3b564e7605c66e266d3e41dc368a696d') in 0.052098 seconds 
========================================================================
Received Import Request.
  Time since last request: 9.739126 seconds.
  path: Assets/TextMesh Pro
  artifactKey: Guid(f54d1bd14bd3ca042bd867b519fee8cc) Importer(815301076,1909f56bfc062723c751e8b465ee728b)
Start importing Assets/TextMesh Pro using Guid(f54d1bd14bd3ca042bd867b519fee8cc) Importer(815301076,1909f56bfc062723c751e8b465ee728b)  -> (artifact id: 'd47b651a2be42a7f2f9e47f637bf98ee') in 0.016665 seconds 
========================================================================
Received Import Request.
  Time since last request: 291.944118 seconds.
  path: Assets/New Material.mat
  artifactKey: Guid(9de8a3891bd491a4d9eadc760a4802df) Importer(815301076,1909f56bfc062723c751e8b465ee728b)
Start importing Assets/New Material.mat using Guid(9de8a3891bd491a4d9eadc760a4802df) Importer(815301076,1909f56bfc062723c751e8b465ee728b)  -> (artifact id: 'a0965ccea83cf76f502c24a35753d981') in 0.027933 seconds 
========================================================================
Received Import Request.
  Time since last request: 24.307363 seconds.
  path: Assets/Glass Material.mat
  artifactKey: Guid(9de8a3891bd491a4d9eadc760a4802df) Importer(815301076,1909f56bfc062723c751e8b465ee728b)
Start importing Assets/Glass Material.mat using Guid(9de8a3891bd491a4d9eadc760a4802df) Importer(815301076,1909f56bfc062723c751e8b465ee728b)  -> (artifact id: 'a582fe2d4330a6df0ebf1739bf8084f2') in 0.023659 seconds 
========================================================================
Received Prepare
Registering precompiled user dll's ...
Registered in 0.011283 seconds.
Begin MonoManager ReloadAssembly
Symbol file LoadedFromMemory doesn't match image C:\Users\pc\Documents\GitHub\Bounce-3D-STI-\Bounce 3D STI\Library\PackageCache\com.unity.visualscripting@1.7.8\Editor\VisualScripting.Core\Dependencies\YamlDotNet\Unity.VisualScripting.YamlDotNet.dll
Symbol file LoadedFromMemory doesn't match image C:\Users\pc\Documents\GitHub\Bounce-3D-STI-\Bounce 3D STI\Library\PackageCache\com.unity.visualscripting@1.7.8\Editor\VisualScripting.Core\Dependencies\DotNetZip\Unity.VisualScripting.IonicZip.dll
Native extension for WindowsStandalone target not found
Refreshing native plugins compatible for Editor in 1.28 ms, found 3 plugins.
Preloading 0 native plugins for Editor in 0.00 ms.
Mono: successfully reloaded assembly
- Completed reload, in  2.174 seconds
Domain Reload Profiling:
	ReloadAssembly (2176ms)
		BeginReloadAssembly (263ms)
			ExecutionOrderSort (0ms)
			DisableScriptedObjects (8ms)
			BackupInstance (0ms)
			ReleaseScriptingObjects (0ms)
			CreateAndSetChildDomain (73ms)
		EndReloadAssembly (1707ms)
			LoadAssemblies (184ms)
			RebuildTransferFunctionScriptingTraits (0ms)
			SetupTypeCache (512ms)
				TypeCache.Initialize (499ms)
					TypeCache.ScanAssembly (488ms)
				ResolveRequiredComponents (12ms)
			ReleaseScriptCaches (2ms)
			RebuildScriptCaches (79ms)
			SetupLoadedEditorAssemblies (854ms)
				LogAssemblyErrors (0ms)
				InitializePlatformSupportModulesInManaged (20ms)
				SetLoadedEditorAssemblies (11ms)
				RefreshPlugins (1ms)
				BeforeProcessingInitializeOnLoad (112ms)
				ProcessInitializeOnLoadAttributes (616ms)
				ProcessInitializeOnLoadMethodAttributes (76ms)
				AfterProcessingInitializeOnLoad (19ms)
				EditorAssembliesLoaded (0ms)
			ExecutionOrderSort2 (0ms)
			AwakeInstancesAfterBackupRestoration (17ms)
Platform modules already initialized, skipping
Refreshing native plugins compatible for Editor in 5.20 ms, found 3 plugins.
Preloading 0 native plugins for Editor in 0.00 ms.
Unloading 4054 Unused Serialized files (Serialized files now loaded: 0)
Unloading 33 unused Assets / (1.4 MB). Loaded Objects now: 4661.
Memory consumption went from 0.62 GB to 0.62 GB.
Total: 12.375100 ms (FindLiveObjects: 1.144500 ms CreateObjectMapping: 0.603500 ms MarkObjects: 10.145500 ms  DeleteObjects: 0.479400 ms)

AssetImportParameters requested are different than current active one (requested -> active):
  custom:video-decoder-ogg-theora: a1e56fd34408186e4bbccfd4996cb3dc -> 
  custom:container-muxer-webm: aa71ff27fc2769a1b78a27578f13a17b -> 
  custom:container-demuxer-webm: 4f35f7cbe854078d1ac9338744f61a02 -> 
  custom:video-encoder-webm-vp8: eb34c28f22e8b96e1ab97ce403110664 -> 
  custom:video-codec-MediaFoundation-h265: 746d11721c4dcdbdad8f713fa42b33f4 -> 
  custom:audio-encoder-webm-vorbis: bf7c407c2cedff20999df2af8eb42d56 -> 
  custom:framework-win-MediaFoundation: 216162199b28c13a410421893ffa2e32 -> 
  custom:container-demuxer-ogg: 62fdf1f143b41e24485cea50d1cbac27 -> 
  custom:video-decoder-webm-vp8: 9c59270c3fd7afecdb556c50c9e8de78 -> 
  custom:audio-decoder-ogg-vorbis: bf7c407c2cedff20999df2af8eb42d56 -> 
========================================================================
Received Prepare
Registering precompiled user dll's ...
Registered in 0.011596 seconds.
Begin MonoManager ReloadAssembly
Symbol file LoadedFromMemory doesn't match image C:\Users\pc\Documents\GitHub\Bounce-3D-STI-\Bounce 3D STI\Library\PackageCache\com.unity.visualscripting@1.7.8\Editor\VisualScripting.Core\Dependencies\YamlDotNet\Unity.VisualScripting.YamlDotNet.dll
Symbol file LoadedFromMemory doesn't match image C:\Users\pc\Documents\GitHub\Bounce-3D-STI-\Bounce 3D STI\Library\PackageCache\com.unity.visualscripting@1.7.8\Editor\VisualScripting.Core\Dependencies\DotNetZip\Unity.VisualScripting.IonicZip.dll
Native extension for WindowsStandalone target not found
Refreshing native plugins compatible for Editor in 1.61 ms, found 3 plugins.
Preloading 0 native plugins for Editor in 0.00 ms.
Mono: successfully reloaded assembly
- Completed reload, in  2.325 seconds
Domain Reload Profiling:
	ReloadAssembly (2327ms)
		BeginReloadAssembly (274ms)
			ExecutionOrderSort (0ms)
			DisableScriptedObjects (12ms)
			BackupInstance (0ms)
			ReleaseScriptingObjects (0ms)
			CreateAndSetChildDomain (69ms)
		EndReloadAssembly (1864ms)
			LoadAssemblies (179ms)
			RebuildTransferFunctionScriptingTraits (0ms)
			SetupTypeCache (514ms)
				TypeCache.Initialize (502ms)
					TypeCache.ScanAssembly (492ms)
				ResolveRequiredComponents (12ms)
			ReleaseScriptCaches (2ms)
			RebuildScriptCaches (81ms)
			SetupLoadedEditorAssemblies (1003ms)
				LogAssemblyErrors (0ms)
				InitializePlatformSupportModulesInManaged (21ms)
				SetLoadedEditorAssemblies (14ms)
				RefreshPlugins (2ms)
				BeforeProcessingInitializeOnLoad (123ms)
				ProcessInitializeOnLoadAttributes (736ms)
				ProcessInitializeOnLoadMethodAttributes (81ms)
				AfterProcessingInitializeOnLoad (25ms)
				EditorAssembliesLoaded (0ms)
			ExecutionOrderSort2 (0ms)
			AwakeInstancesAfterBackupRestoration (21ms)
Platform modules already initialized, skipping
Refreshing native plugins compatible for Editor in 6.83 ms, found 3 plugins.
Preloading 0 native plugins for Editor in 0.00 ms.
Unloading 4055 Unused Serialized files (Serialized files now loaded: 0)
Unloading 33 unused Assets / (1.4 MB). Loaded Objects now: 4676.
Memory consumption went from 0.62 GB to 0.62 GB.
Total: 8.990700 ms (FindLiveObjects: 0.593800 ms CreateObjectMapping: 0.621600 ms MarkObjects: 7.304800 ms  DeleteObjects: 0.468000 ms)

AssetImportParameters requested are different than current active one (requested -> active):
  custom:video-decoder-ogg-theora: a1e56fd34408186e4bbccfd4996cb3dc -> 
  custom:container-muxer-webm: aa71ff27fc2769a1b78a27578f13a17b -> 
  custom:container-demuxer-webm: 4f35f7cbe854078d1ac9338744f61a02 -> 
  custom:video-encoder-webm-vp8: eb34c28f22e8b96e1ab97ce403110664 -> 
  custom:video-codec-MediaFoundation-h265: 746d11721c4dcdbdad8f713fa42b33f4 -> 
  custom:audio-encoder-webm-vorbis: bf7c407c2cedff20999df2af8eb42d56 -> 
  custom:framework-win-MediaFoundation: 216162199b28c13a410421893ffa2e32 -> 
  custom:container-demuxer-ogg: 62fdf1f143b41e24485cea50d1cbac27 -> 
  custom:video-decoder-webm-vp8: 9c59270c3fd7afecdb556c50c9e8de78 -> 
  custom:audio-decoder-ogg-vorbis: bf7c407c2cedff20999df2af8eb42d56 -> 
========================================================================
Received Import Request.
  Time since last request: 426.719893 seconds.
  path: Assets/Glass Material.mat
  artifactKey: Guid(9de8a3891bd491a4d9eadc760a4802df) Importer(815301076,1909f56bfc062723c751e8b465ee728b)
Start importing Assets/Glass Material.mat using Guid(9de8a3891bd491a4d9eadc760a4802df) Importer(815301076,1909f56bfc062723c751e8b465ee728b)  -> (artifact id: 'e6312fba7e737165cab38c052ffc8b3a') in 0.625195 seconds 
========================================================================
Received Prepare
Registering precompiled user dll's ...
Registered in 0.013685 seconds.
Begin MonoManager ReloadAssembly
Symbol file LoadedFromMemory doesn't match image C:\Users\pc\Documents\GitHub\Bounce-3D-STI-\Bounce 3D STI\Library\PackageCache\com.unity.visualscripting@1.7.8\Editor\VisualScripting.Core\Dependencies\YamlDotNet\Unity.VisualScripting.YamlDotNet.dll
Symbol file LoadedFromMemory doesn't match image C:\Users\pc\Documents\GitHub\Bounce-3D-STI-\Bounce 3D STI\Library\PackageCache\com.unity.visualscripting@1.7.8\Editor\VisualScripting.Core\Dependencies\DotNetZip\Unity.VisualScripting.IonicZip.dll
Native extension for WindowsStandalone target not found
Refreshing native plugins compatible for Editor in 1.61 ms, found 3 plugins.
Preloading 0 native plugins for Editor in 0.00 ms.
Mono: successfully reloaded assembly
- Completed reload, in  2.691 seconds
Domain Reload Profiling:
	ReloadAssembly (2693ms)
		BeginReloadAssembly (283ms)
			ExecutionOrderSort (0ms)
			DisableScriptedObjects (8ms)
			BackupInstance (0ms)
			ReleaseScriptingObjects (0ms)
			CreateAndSetChildDomain (71ms)
		EndReloadAssembly (2236ms)
			LoadAssemblies (205ms)
			RebuildTransferFunctionScriptingTraits (0ms)
			SetupTypeCache (508ms)
				TypeCache.Initialize (499ms)
					TypeCache.ScanAssembly (489ms)
				ResolveRequiredComponents (9ms)
			ReleaseScriptCaches (2ms)
			RebuildScriptCaches (81ms)
			SetupLoadedEditorAssemblies (1310ms)
				LogAssemblyErrors (0ms)
				InitializePlatformSupportModulesInManaged (35ms)
				SetLoadedEditorAssemblies (18ms)
				RefreshPlugins (2ms)
				BeforeProcessingInitializeOnLoad (198ms)
				ProcessInitializeOnLoadAttributes (836ms)
				ProcessInitializeOnLoadMethodAttributes (161ms)
				AfterProcessingInitializeOnLoad (60ms)
				EditorAssembliesLoaded (1ms)
			ExecutionOrderSort2 (0ms)
			AwakeInstancesAfterBackupRestoration (23ms)
Platform modules already initialized, skipping
Refreshing native plugins compatible for Editor in 9.50 ms, found 3 plugins.
Preloading 0 native plugins for Editor in 0.00 ms.
Unloading 4054 Unused Serialized files (Serialized files now loaded: 0)
Unloading 33 unused Assets / (1.4 MB). Loaded Objects now: 4691.
Memory consumption went from 0.62 GB to 0.62 GB.
Total: 9.632000 ms (FindLiveObjects: 0.491500 ms CreateObjectMapping: 0.545600 ms MarkObjects: 8.043300 ms  DeleteObjects: 0.550100 ms)

AssetImportParameters requested are different than current active one (requested -> active):
  custom:video-decoder-ogg-theora: a1e56fd34408186e4bbccfd4996cb3dc -> 
  custom:container-muxer-webm: aa71ff27fc2769a1b78a27578f13a17b -> 
  custom:container-demuxer-webm: 4f35f7cbe854078d1ac9338744f61a02 -> 
  custom:video-encoder-webm-vp8: eb34c28f22e8b96e1ab97ce403110664 -> 
  custom:video-codec-MediaFoundation-h265: 746d11721c4dcdbdad8f713fa42b33f4 -> 
  custom:audio-encoder-webm-vorbis: bf7c407c2cedff20999df2af8eb42d56 -> 
  custom:framework-win-MediaFoundation: 216162199b28c13a410421893ffa2e32 -> 
  custom:container-demuxer-ogg: 62fdf1f143b41e24485cea50d1cbac27 -> 
  custom:video-decoder-webm-vp8: 9c59270c3fd7afecdb556c50c9e8de78 -> 
  custom:audio-decoder-ogg-vorbis: bf7c407c2cedff20999df2af8eb42d56 -> 
